
Flyxion normalization log - Tue Jun 16 17:40:07 ADT 2026
----------------------------------------
[no changes] ./How_language_keeps_the_future_navigable.json
[no changes] ./How_language_keeps_the_future_navigable.srt
[no changes] ./How_language_keeps_the_future_navigable.tsv
[no changes] ./How_language_keeps_the_future_navigable.txt
[no changes] ./How_language_keeps_the_future_navigable.vtt
[no changes] ./The_Hidden_Physics_of_Adjective_Order.json
[no changes] ./The_Hidden_Physics_of_Adjective_Order.srt
[no changes] ./The_Hidden_Physics_of_Adjective_Order.tsv
[no changes] ./The_Hidden_Physics_of_Adjective_Order.txt
[no changes] ./The_Hidden_Physics_of_Adjective_Order.vtt
[no changes] ./The_Hidden_Physics_of_Grammar.json
[no changes] ./The_Hidden_Physics_of_Grammar.srt
[no changes] ./The_Hidden_Physics_of_Grammar.tsv
[no changes] ./The_Hidden_Physics_of_Grammar.txt
[no changes] ./The_Hidden_Physics_of_Grammar.vtt
[no changes] ./Why_AI_Thinks_Longer_Is_Smarter.json
[no changes] ./Why_AI_Thinks_Longer_Is_Smarter.srt
[no changes] ./Why_AI_Thinks_Longer_Is_Smarter.tsv
[no changes] ./Why_AI_Thinks_Longer_Is_Smarter.txt
[no changes] ./Why_AI_Thinks_Longer_Is_Smarter.vtt

---- Candidate Variants (aggregated) ----
     24 flicksheim
     18 flickshinen
     12 flixieman
      6 flixton
      6 flixioon
      6 flickshim
      6 flickshien
----------------------------------------
Done.
