\BOOKMARK [1][-]{section.1}{\376\377\000T\000h\000e\000\040\000P\000r\000o\000b\000l\000e\000m\000\040\000C\000o\000m\000p\000r\000e\000s\000s\000i\000o\000n\000\040\000C\000a\000n\000n\000o\000t\000\040\000S\000o\000l\000v\000e}{}% 1
\BOOKMARK [1][-]{section.2}{\376\377\000T\000h\000e\000\040\000S\000t\000a\000n\000d\000a\000r\000d\000\040\000A\000c\000c\000o\000u\000n\000t\000\040\000a\000n\000d\000\040\000I\000t\000s\000\040\000L\000i\000m\000i\000t\000s}{}% 2
\BOOKMARK [2][-]{subsection.2.1}{\376\377\000T\000h\000e\000\040\000c\000o\000m\000p\000r\000e\000s\000s\000i\000o\000n\040\023\000d\000i\000f\000f\000e\000r\000e\000n\000t\000i\000a\000t\000i\000o\000n\000\040\000m\000o\000d\000e\000l}{section.2}% 3
\BOOKMARK [2][-]{subsection.2.2}{\376\377\000T\000h\000r\000e\000e\000\040\000s\000t\000r\000u\000c\000t\000u\000r\000a\000l\000\040\000l\000i\000m\000i\000t\000a\000t\000i\000o\000n\000s}{section.2}% 4
\BOOKMARK [1][-]{section.3}{\376\377\000T\000h\000e\000\040\000R\000e\000a\000c\000h\000a\000b\000i\000l\000i\000t\000y\000\040\000F\000r\000a\000m\000e\000w\000o\000r\000k}{}% 5
\BOOKMARK [2][-]{subsection.3.1}{\376\377\000F\000o\000u\000n\000d\000a\000t\000i\000o\000n\000a\000l\000\040\000d\000e\000f\000i\000n\000i\000t\000i\000o\000n\000s}{section.3}% 6
\BOOKMARK [2][-]{subsection.3.2}{\376\377\000T\000h\000e\000\040\000m\000e\000r\000g\000e\000\040\000o\000p\000e\000r\000a\000t\000o\000r\000\040\000a\000n\000d\000\040\000r\000e\000a\000c\000h\000a\000b\000i\000l\000i\000t\000y\000\040\000l\000o\000s\000s}{section.3}% 7
\BOOKMARK [2][-]{subsection.3.3}{\376\377\000T\000h\000e\000\040\000e\000x\000t\000e\000n\000d\000e\000d\000\040\000l\000e\000x\000i\000c\000a\000l\000i\000z\000a\000t\000i\000o\000n\000\040\000m\000o\000d\000e\000l}{section.3}% 8
\BOOKMARK [1][-]{section.4}{\376\377\000R\000e\000a\000c\000h\000a\000b\000i\000l\000i\000t\000y\000\040\000D\000i\000v\000e\000r\000g\000e\000n\000c\000e\000\040\000I\000s\000\040\000N\000o\000t\000\040\000C\000o\000n\000t\000e\000x\000t\000u\000a\000l\000\040\000C\000o\000n\000f\000u\000s\000a\000b\000i\000l\000i\000t\000y}{}% 9
\BOOKMARK [2][-]{subsection.4.1}{\376\377\000T\000h\000e\000\040\000c\000o\000n\000c\000e\000p\000t\000u\000a\000l\000\040\000d\000i\000s\000t\000i\000n\000c\000t\000i\000o\000n}{section.4}% 10
\BOOKMARK [2][-]{subsection.4.2}{\376\377\000K\000a\000n\000u\000r\000i\000\040\000p\000a\000r\000t\000i\000a\000l\000\040\000c\000o\000l\000e\000x\000i\000f\000i\000c\000a\000t\000i\000o\000n\000\040\000a\000s\000\040\000m\000o\000r\000p\000h\000o\000l\000o\000g\000i\000c\000a\000l\000\040\000r\000e\000p\000a\000i\000r}{section.4}% 11
\BOOKMARK [2][-]{subsection.4.3}{\376\377\000T\000h\000e\000\040\000i\000n\000d\000e\000p\000e\000n\000d\000e\000n\000c\000e\000\040\000t\000a\000b\000l\000e\000\040\000w\000i\000t\000h\000\040\000c\000o\000l\000e\000x\000i\000f\000i\000c\000a\000t\000i\000o\000n\000-\000r\000e\000l\000e\000v\000a\000n\000t\000\040\000e\000x\000a\000m\000p\000l\000e\000s}{section.4}% 12
\BOOKMARK [1][-]{section.5}{\376\377\000F\000i\000v\000e\000\040\000T\000h\000e\000o\000r\000e\000m\000s}{}% 13
\BOOKMARK [2][-]{subsection.5.1}{\376\377\000T\000h\000e\000o\000r\000e\000m\000\040\0001\000:\000\040\000N\000a\000v\000i\000g\000a\000t\000i\000o\000n\000a\000l\000\040\000C\000o\000l\000l\000a\000p\000s\000e}{section.5}% 14
\BOOKMARK [2][-]{subsection.5.2}{\376\377\000T\000h\000e\000o\000r\000e\000m\000\040\0002\000:\000\040\000S\000t\000a\000b\000i\000l\000i\000t\000y}{section.5}% 15
\BOOKMARK [2][-]{subsection.5.3}{\376\377\000T\000h\000e\000o\000r\000e\000m\000\040\0003\000:\000\040\000R\000e\000p\000a\000i\000r}{section.5}% 16
\BOOKMARK [2][-]{subsection.5.4}{\376\377\000P\000r\000o\000p\000o\000s\000i\000t\000i\000o\000n\000\040\0004\000:\000\040\000D\000o\000m\000a\000i\000n\000\040\000D\000i\000v\000e\000r\000g\000e\000n\000c\000e}{section.5}% 17
\BOOKMARK [2][-]{subsection.5.5}{\376\377\000T\000h\000e\000o\000r\000e\000m\000\040\0004\000:\000\040\000P\000r\000o\000j\000e\000c\000t\000i\000o\000n}{section.5}% 18
\BOOKMARK [1][-]{section.6}{\376\377\000F\000a\000i\000t\000h\000f\000u\000l\000n\000e\000s\000s\000\040\000a\000n\000d\000\040\000t\000h\000e\000\040\000G\000e\000o\000m\000e\000t\000r\000y\000\040\000o\000f\000\040\000C\000o\000m\000p\000r\000e\000s\000s\000i\000o\000n}{}% 19
\BOOKMARK [2][-]{subsection.6.1}{\376\377\000F\000a\000i\000t\000h\000f\000u\000l\000\040\000p\000r\000o\000j\000e\000c\000t\000i\000o\000n\000s\000\040\000a\000n\000d\000\040\000q\000u\000o\000t\000i\000e\000n\000t\000\040\000s\000t\000r\000u\000c\000t\000u\000r\000e}{section.6}% 20
\BOOKMARK [2][-]{subsection.6.2}{\376\377\000L\000e\000x\000i\000c\000a\000l\000\040\000d\000i\000s\000t\000o\000r\000t\000i\000o\000n}{section.6}% 21
\BOOKMARK [1][-]{section.7}{\376\377\000A\000\040\000P\000i\000l\000o\000t\000\040\000E\000s\000t\000i\000m\000a\000t\000i\000o\000n\000\040\000o\000f\000\040\000R\000e\000a\000c\000h\000a\000b\000i\000l\000i\000t\000y\000\040\000D\000i\000v\000e\000r\000g\000e\000n\000c\000e}{}% 22
\BOOKMARK [2][-]{subsection.7.1}{\376\377\000M\000e\000t\000h\000o\000d\000\040\000a\000n\000d\000\040\000e\000v\000i\000d\000e\000n\000t\000i\000a\000l\000\040\000s\000t\000a\000t\000u\000s}{section.7}% 23
\BOOKMARK [2][-]{subsection.7.2}{\376\377\000R\000e\000s\000u\000l\000t\000s}{section.7}% 24
\BOOKMARK [2][-]{subsection.7.3}{\376\377\000O\000b\000s\000e\000r\000v\000a\000t\000i\000o\000n\000s}{section.7}% 25
\BOOKMARK [1][-]{section.8}{\376\377\000O\000p\000e\000r\000a\000t\000i\000o\000n\000a\000l\000i\000z\000i\000n\000g\000\040\000R\000e\000a\000c\000h\000a\000b\000i\000l\000i\000t\000y\000\040\000D\000i\000v\000e\000r\000g\000e\000n\000c\000e}{}% 26
\BOOKMARK [2][-]{subsection.8.1}{\376\377\000A\000c\000t\000i\000o\000n\000-\000c\000o\000n\000s\000e\000q\000u\000e\000n\000c\000e\000\040\000c\000o\000r\000p\000o\000r\000a}{section.8}% 27
\BOOKMARK [2][-]{subsection.8.2}{\376\377\000D\000o\000w\000n\000s\000t\000r\000e\000a\000m\000\040\000d\000i\000v\000e\000r\000g\000e\000n\000c\000e\000\040\000i\000n\000\040\000l\000a\000n\000g\000u\000a\000g\000e\000\040\000m\000o\000d\000e\000l\000s}{section.8}% 28
\BOOKMARK [2][-]{subsection.8.3}{\376\377\000E\000x\000p\000e\000r\000t\000\040\000e\000l\000i\000c\000i\000t\000a\000t\000i\000o\000n\000\040\000w\000i\000t\000h\000\040\000s\000t\000r\000u\000c\000t\000u\000r\000e\000d\000\040\000p\000r\000o\000t\000o\000c\000o\000l}{section.8}% 29
\BOOKMARK [2][-]{subsection.8.4}{\376\377\000T\000h\000e\000\040\000e\000m\000p\000i\000r\000i\000c\000a\000l\000\040\000t\000e\000s\000t\000\040\000o\000f\000\040\000T\000h\000e\000o\000r\000e\000m\000\040\0005}{section.8}% 30
\BOOKMARK [1][-]{section.9}{\376\377\000C\000o\000n\000s\000e\000q\000u\000e\000n\000c\000e\000s\000\040\000f\000o\000r\000\040\000t\000h\000e\000\040\000C\000o\000m\000p\000r\000e\000s\000s\000i\000o\000n\000\040\000A\000c\000c\000o\000u\000n\000t}{}% 31
\BOOKMARK [2][-]{subsection.9.1}{\376\377\000F\000a\000m\000i\000l\000y\000-\000l\000e\000v\000e\000l\000\040\000h\000e\000t\000e\000r\000o\000g\000e\000n\000e\000i\000t\000y}{section.9}% 32
\BOOKMARK [2][-]{subsection.9.2}{\376\377\000T\000h\000e\000\040\000E\000n\000g\000l\000i\000s\000h\000-\000p\000r\000o\000x\000y\000\040\000d\000i\000s\000t\000o\000r\000t\000i\000o\000n}{section.9}% 33
\BOOKMARK [2][-]{subsection.9.3}{\376\377\000T\000h\000e\000\040\000i\000n\000t\000e\000r\000a\000c\000t\000i\000o\000n\000\040\000t\000e\000r\000m}{section.9}% 34
\BOOKMARK [2][-]{subsection.9.4}{\376\377\000C\000o\000n\000s\000e\000q\000u\000e\000n\000t\000i\000a\000l\000\040\000a\000m\000b\000i\000g\000u\000i\000t\000y\000\040\000a\000n\000d\000\040\000r\000e\000a\000c\000h\000a\000b\000i\000l\000i\000t\000y\000\040\000d\000i\000v\000e\000r\000g\000e\000n\000c\000e}{section.9}% 35
\BOOKMARK [1][-]{section.10}{\376\377\000L\000a\000n\000g\000u\000a\000g\000e\000\040\000a\000s\000\040\000R\000e\000a\000c\000h\000a\000b\000i\000l\000i\000t\000y\000\040\000P\000r\000e\000s\000e\000r\000v\000a\000t\000i\000o\000n}{}% 36
\BOOKMARK [1][-]{section.11}{\376\377\000S\000c\000o\000p\000e\000,\000\040\000L\000i\000m\000i\000t\000a\000t\000i\000o\000n\000s\000,\000\040\000a\000n\000d\000\040\000t\000h\000e\000\040\000R\000e\000s\000e\000a\000r\000c\000h\000\040\000P\000r\000o\000g\000r\000a\000m\000m\000e}{}% 37
\BOOKMARK [2][-]{subsection.11.1}{\376\377\000W\000h\000a\000t\000\040\000t\000h\000i\000s\000\040\000p\000a\000p\000e\000r\000\040\000e\000s\000t\000a\000b\000l\000i\000s\000h\000e\000s}{section.11}% 38
\BOOKMARK [2][-]{subsection.11.2}{\376\377\000W\000h\000a\000t\000\040\000t\000h\000i\000s\000\040\000p\000a\000p\000e\000r\000\040\000d\000o\000e\000s\000\040\000n\000o\000t\000\040\000e\000s\000t\000a\000b\000l\000i\000s\000h}{section.11}% 39
\BOOKMARK [2][-]{subsection.11.3}{\376\377\000P\000r\000i\000n\000c\000i\000p\000a\000l\000\040\000l\000i\000m\000i\000t\000a\000t\000i\000o\000n\000s}{section.11}% 40
\BOOKMARK [2][-]{subsection.11.4}{\376\377\000N\000e\000x\000t\000\040\000s\000t\000e\000p\000s}{section.11}% 41
\BOOKMARK [1][-]{section.12}{\376\377\000C\000o\000n\000c\000l\000u\000s\000i\000o\000n}{}% 42
